<?xml version="1.0" encoding="UTF-8"?>
<testsuite name="I as a user of linio" tests="1" skipped="0" failures="0" errors="0" timestamp="2020-01-18T04:45:55" hostname="CPX-RF10QU65EA4" time="35.632">
  <properties/>
  <testcase name="Add a product to the shopping cart and validate that it is added correctly" classname="I as a user of linio" time="35.632"/>
  <system-out><![CDATA[]]></system-out>
  <system-err><![CDATA[Starting ChromeDriver 72.0.3626.69 (3c16f8a135abc0d4da2dff33804db79b849a7c38) on port 17493
Only local connections are allowed.
Please protect ports used by ChromeDriver and related test frameworks to prevent access by malicious code.
Jan 17, 2020 11:46:01 PM org.openqa.selenium.remote.ProtocolHandshake createSession
INFO: Detected dialect: OSS
[Test worker] INFO net.thucydides.core.steps.ConsoleLoggingListener - 
        __    _____ _____ ____ _____   ____   _    ____  ____  _____ ____  
  _     \ \  |_   _| ____/ ___|_   _| |  _ \ / \  / ___|/ ___|| ____|  _ \ 
 (_)_____| |   | | |  _| \___ \ | |   | |_) / _ \ \___ \\___ \|  _| | | | |
  _|_____| |   | | | |___ ___) || |   |  __/ ___ \ ___) |___) | |___| |_| |
 (_)     | |   |_| |_____|____/ |_|   |_| /_/   \_\____/|____/|_____|____/ 
        /_/                                                                

TEST PASSED: Add a product to the shopping cart and validate that it is added correctly
----------------------------------------------------------------------------
]]></system-err>
</testsuite>
